21:54:07 INFO: Дополнительный поток создан.
21:54:07 INFO: Создан поток номер: 1
21:54:07 INFO: Создан поток номер: 2
21:54:07 INFO: Создан поток номер: 3
21:54:07 INFO: Взята задача с приоритетом: 0
21:54:07 INFO: Поставлена задача номер: 0
21:54:07 INFO: Поставлена задача номер: 1
21:54:07 INFO: Взята задача с приоритетом: 1
21:54:07 INFO: Взята задача с приоритетом: 2
21:54:07 INFO: Поставлена задача номер: 2
21:54:07 INFO: Поставлена задача номер: 3
21:54:07 INFO: Поставлена задача номер: 4
21:54:07 INFO: Поставлена задача номер: 5
21:54:07 INFO: Поставлена задача номер: 6
21:54:07 INFO: Поставлена задача номер: 7
21:54:07 INFO: Поставлена задача номер: 8
21:54:07 INFO: Поставлена задача номер: 9
21:54:07 INFO: Поставлена задача номер: 10
21:54:07 INFO: Поставлена задача номер: 11
21:54:07 INFO: Поставлена задача номер: 12
21:54:07 INFO: Поставлена задача номер: 13
21:54:07 INFO: Отправлен сигнал на создание нового потока.
21:54:07 INFO: Взята задача с приоритетом: 0
21:54:07 INFO: Создан поток номер: 4
21:54:07 INFO: Отправлен сигнал на создание нового потока.
21:54:07 INFO: Взята задача с приоритетом: 0
21:54:07 INFO: Взята задача с приоритетом: 1
21:54:07 INFO: Взята задача с приоритетом: 1
21:54:07 INFO: Поставлена задача номер: 14
21:54:07 INFO: Взята задача с приоритетом: 2
21:54:07 INFO: Взята задача с приоритетом: 2
21:54:07 INFO: Взята задача с приоритетом: 3
21:54:07 INFO: Взята задача с приоритетом: 3
21:54:07 INFO: Взята задача с приоритетом: 3
21:54:07 INFO: Взята задача с приоритетом: 4
21:54:07 INFO: Взята задача с приоритетом: 4
21:54:07 INFO: Взята задача с приоритетом: 4
21:54:07 INFO: Поставлена задача номер: 15
21:54:07 INFO: Взята задача с приоритетом: 0
21:54:07 INFO: Поставлена задача номер: 16
21:54:07 INFO: Взята задача с приоритетом: 1
21:54:07 INFO: Поставлена задача номер: 17
21:54:07 INFO: Поставлена задача номер: 18
21:54:07 INFO: Поставлена задача номер: 19
21:54:07 INFO: Взята задача с приоритетом: 2
21:54:07 INFO: Создан поток номер: 5
21:54:07 INFO: Взята задача с приоритетом: 3
21:54:07 INFO: Взята задача с приоритетом: 4
21:54:09 INFO: Взята задача с приоритетом: 100
21:54:09 INFO: Поток завершён: 4
21:54:09 INFO: Взята задача с приоритетом: 100
21:54:09 INFO: Поток завершён: 3
21:54:09 INFO: Взята задача с приоритетом: 100
21:54:09 INFO: Поток завершён: 2
21:54:09 INFO: Взята задача с приоритетом: 100
21:54:09 INFO: Поток завершён: 1
21:54:09 INFO: Взята задача с приоритетом: 100
21:54:09 INFO: Поток завершён: 0
21:54:09 INFO: Дополнительный поток завершён.
